#
# There is insufficient memory for the Java Runtime Environment to continue.
# Native memory allocation (malloc) failed to allocate 761616 bytes for Chunk::new
# Possible reasons:
#   The system is out of physical RAM or swap space
#   In 32 bit mode, the process size limit was hit
# Possible solutions:
#   Reduce memory load on the system
#   Increase physical memory or swap space
#   Check if swap backing store is full
#   Use 64 bit Java on a 64 bit OS
#   Decrease Java heap size (-Xmx/-Xms)
#   Decrease number of Java threads
#   Decrease Java thread stack sizes (-Xss)
#   Set larger code cache with -XX:ReservedCodeCacheSize=
# This output file may be truncated or incomplete.
#
#  Out of Memory Error (allocation.cpp:390), pid=21116, tid=21304
#
# JRE version: Java(TM) SE Runtime Environment (8.0_25-b18) (build 1.8.0_25-b18)
# Java VM: Java HotSpot(TM) 64-Bit Server VM (25.25-b02 mixed mode windows-amd64 compressed oops)
# Failed to write core dump. Minidumps are not enabled by default on client versions of Windows
#

---------------  T H R E A D  ---------------

Current thread (0x0000000056564800):  JavaThread "C2 CompilerThread0" daemon [_thread_in_native, id=21304, stack(0x0000000056cb0000,0x0000000056db0000)]

Stack: [0x0000000056cb0000,0x0000000056db0000]
Native frames: (J=compiled Java code, j=interpreted, Vv=VM code, C=native code)
V  [jvm.dll+0x31667a]
V  [jvm.dll+0x267073]
V  [jvm.dll+0x267cb3]
V  [jvm.dll+0x25f5b5]
V  [jvm.dll+0xbf165]
V  [jvm.dll+0xbf60c]
V  [jvm.dll+0x45d672]
V  [jvm.dll+0x49e8ef]
V  [jvm.dll+0x452668]
V  [jvm.dll+0x453864]
V  [jvm.dll+0x437372]
V  [jvm.dll+0x98a02]
V  [jvm.dll+0x991f3]
V  [jvm.dll+0x22bde4]
V  [jvm.dll+0x2852fa]
C  [msvcr100.dll+0x21d9f]
C  [msvcr100.dll+0x21e3b]
C  [kernel32.dll+0x159ed]
C  [ntdll.dll+0x2b831]


Current CompileTask:
C2:  21149 1123       4       com.android.dx.ssa.SCCP::simulateStmt (481 bytes)


---------------  P R O C E S S  ---------------

Java Threads: ( => current thread )
  0x00000000565ab800 JavaThread "Service Thread" daemon [_thread_blocked, id=21348, stack(0x0000000057150000,0x0000000057250000)]
  0x00000000565aa000 JavaThread "C1 CompilerThread2" daemon [_thread_blocked, id=21332, stack(0x0000000056fd0000,0x00000000570d0000)]
  0x00000000565a9800 JavaThread "C2 CompilerThread1" daemon [_thread_in_native, id=21324, stack(0x0000000056dc0000,0x0000000056ec0000)]
=>0x0000000056564800 JavaThread "C2 CompilerThread0" daemon [_thread_in_native, id=21304, stack(0x0000000056cb0000,0x0000000056db0000)]
  0x0000000055363800 JavaThread "Attach Listener" daemon [_thread_blocked, id=21292, stack(0x0000000056300000,0x0000000056400000)]
  0x0000000055362800 JavaThread "Signal Dispatcher" daemon [_thread_blocked, id=21288, stack(0x0000000056ad0000,0x0000000056bd0000)]
  0x00000000552ff800 JavaThread "Finalizer" daemon [_thread_blocked, id=21248, stack(0x0000000056460000,0x0000000056560000)]
  0x00000000552fc800 JavaThread "Reference Handler" daemon [_thread_blocked, id=21244, stack(0x0000000056090000,0x0000000056190000)]
  0x000000000055e800 JavaThread "main" [_thread_in_native, id=21128, stack(0x00000000024f0000,0x00000000025f0000)]

Other Threads:
  0x00000000552f7000 VMThread [stack: 0x00000000561f0000,0x00000000562f0000] [id=21224]
  0x00000000565af000 WatcherThread [stack: 0x0000000057270000,0x0000000057370000] [id=21352]

VM state:not at safepoint (normal execution)

VM Mutex/Monitor currently owned by a thread: None

Heap:
 PSYoungGen      total 33280K, used 3144K [0x00000000eab00000, 0x00000000ef600000, 0x0000000100000000)
  eden space 30720K, 1% used [0x00000000eab00000,0x00000000eab99870,0x00000000ec900000)
  from space 2560K, 98% used [0x00000000ec900000,0x00000000ecb787c8,0x00000000ecb80000)
  to   space 7680K, 0% used [0x00000000eee80000,0x00000000eee80000,0x00000000ef600000)
 ParOldGen       total 40960K, used 13343K [0x00000000c0000000, 0x00000000c2800000, 0x00000000eab00000)
  object space 40960K, 32% used [0x00000000c0000000,0x00000000c0d07d20,0x00000000c2800000)
 Metaspace       used 5736K, capacity 7088K, committed 7296K, reserved 1056768K
  class space    used 542K, capacity 616K, committed 640K, reserved 1048576K

Card table byte_map: [0x0000000011c80000,0x0000000011e90000] byte_map_base: 0x0000000011680000

Marking Bits: (ParMarkBitMap*) 0x000000005ff7d490
 Begin Bits: [0x0000000012770000, 0x0000000013770000)
 End Bits:   [0x0000000013770000, 0x0000000014770000)

Polling page: 0x0000000000230000

CodeCache: size=245760Kb used=6153Kb max_used=6178Kb free=239606Kb
 bounds [0x00000000028c0000, 0x0000000002ed0000, 0x00000000118c0000]
 total_blobs=1812 nmethods=1552 adapters=174
 compilation: enabled

Compilation events (10 events):
Event: 14.743 Thread 0x00000000565aa000 nmethod 1180 0x0000000002d60990 code [0x0000000002d60ba0, 0x0000000002d617b8]
Event: 14.743 Thread 0x00000000565aa000 1181       3       com.android.dx.rop.code.Insn::equalsHandleNulls (23 bytes)
Event: 14.744 Thread 0x00000000565aa000 nmethod 1181 0x0000000002d61f10 code [0x0000000002d62080, 0x0000000002d62348]
Event: 14.744 Thread 0x00000000565aa000 1182       3       com.android.dx.rop.code.Insn::contentEquals (84 bytes)
Event: 14.745 Thread 0x00000000565aa000 nmethod 1182 0x0000000002d62410 code [0x0000000002d62600, 0x0000000002d63218]
Event: 14.748 Thread 0x00000000565aa000 1183       1       com.android.dx.rop.code.Insn$BaseVisitor::visitThrowingCstInsn (1 bytes)
Event: 14.748 Thread 0x00000000565aa000 nmethod 1183 0x0000000002d63450 code [0x0000000002d635a0, 0x0000000002d636b0]
Event: 14.750 Thread 0x00000000565aa000 1184       3       java.util.TreeMap::rotateLeft (96 bytes)
Event: 14.750 Thread 0x00000000565aa000 nmethod 1184 0x0000000002d63710 code [0x0000000002d63880, 0x0000000002d63bd0]
Event: 14.750 Thread 0x00000000565aa000 1185   !   3       java.util.zip.ZipFile::getInflater (56 bytes)

GC Heap History (2 events):
Event: 13.235 GC heap before
{Heap before GC invocations=1 (full 0):
 PSYoungGen      total 17920K, used 15360K [0x00000000eab00000, 0x00000000ebf00000, 0x0000000100000000)
  eden space 15360K, 100% used [0x00000000eab00000,0x00000000eba00000,0x00000000eba00000)
  from space 2560K, 0% used [0x00000000ebc80000,0x00000000ebc80000,0x00000000ebf00000)
  to   space 2560K, 0% used [0x00000000eba00000,0x00000000eba00000,0x00000000ebc80000)
 ParOldGen       total 40960K, used 0K [0x00000000c0000000, 0x00000000c2800000, 0x00000000eab00000)
  object space 40960K, 0% used [0x00000000c0000000,0x00000000c0000000,0x00000000c2800000)
 Metaspace       used 5369K, capacity 6768K, committed 7040K, reserved 1056768K
  class space    used 538K, capacity 616K, committed 640K, reserved 1048576K
Event: 14.466 GC heap after
Heap after GC invocations=1 (full 0):
 PSYoungGen      total 17920K, used 2549K [0x00000000eab00000, 0x00000000ebf00000, 0x0000000100000000)
  eden space 15360K, 0% used [0x00000000eab00000,0x00000000eab00000,0x00000000eba00000)
  from space 2560K, 99% used [0x00000000eba00000,0x00000000ebc7d608,0x00000000ebc80000)
  to   space 2560K, 0% used [0x00000000ebc80000,0x00000000ebc80000,0x00000000ebf00000)
 ParOldGen       total 40960K, used 1683K [0x00000000c0000000, 0x00000000c2800000, 0x00000000eab00000)
  object space 40960K, 4% used [0x00000000c0000000,0x00000000c01a4e88,0x00000000c2800000)
 Metaspace       used 5369K, capacity 6768K, committed 7040K, reserved 1056768K
  class space    used 538K, capacity 616K, committed 640K, reserved 1048576K
}

Deoptimization events (1 events):
Event: 12.611 Thread 0x000000000055e800 Uncommon trap: reason=null_assert action=make_not_entrant pc=0x0000000002a9d0b4 method=com.android.dx.rop.code.RegisterSpec$ForComparison.equals(Ljava/lang/Object;)Z @ 27

Internal exceptions (2 events):
Event: 0.176 Thread 0x000000000055e800 Exception <a 'java/lang/NoSuchMethodError': Method sun.misc.Unsafe.defineClass(Ljava/lang/String;[BII)Ljava/lang/Class; name or signature does not match> (0x00000000eab0c7b0) thrown at [D:\re\workspace\8-2-build-windows-amd64-cygwin\jdk8u25\1677\hotspot\srT"Pè∆?
Event: 0.176 Thread 0x000000000055e800 Exception <a 'java/lang/NoSuchMethodError': Method sun.misc.Unsafe.prefetchRead(Ljava/lang/Object;J)V name or signature does not match> (0x00000000eab0ca40) thrown at [D:\re\workspace\8-2-build-windows-amd64-cygwin\jdk8u25\1677\hotspot\src\share\vm\prims\j

Events (10 events):
Event: 13.211 loading class com/android/dx/cf/attrib/AttRuntimeInvisibleAnnotations
Event: 13.211 loading class com/android/dx/cf/attrib/AttRuntimeInvisibleAnnotations done
Event: 13.212 loading class com/android/dx/cf/attrib/BaseAnnotations
Event: 13.212 loading class com/android/dx/cf/attrib/BaseAnnotations done
Event: 13.235 Executing VM operation: ParallelGCFailedAllocation
Event: 14.466 Executing VM operation: ParallelGCFailedAllocation done
Event: 14.467 loading class sun/misc/Cleaner
Event: 14.496 loading class sun/misc/Cleaner done
Event: 14.500 loading class com/android/dx/cf/code/SwitchList
Event: 14.500 loading class com/android/dx/cf/code/SwitchList done


Dynamic libraries:
0x000000013fc70000 - 0x000000013fca4000 	C:\PROGRA~1\Java\JDK18~1.0_2\bin\java.exe
0x0000000076ed0000 - 0x0000000077079000 	C:\Windows\SYSTEM32\ntdll.dll
0x0000000076cb0000 - 0x0000000076dcf000 	C:\Windows\system32\kernel32.dll
0x000007fefcd20000 - 0x000007fefcd8c000 	C:\Windows\system32\KERNELBASE.dll
0x000007fefd820000 - 0x000007fefd8fb000 	C:\Windows\system32\ADVAPI32.dll
0x000007fefd920000 - 0x000007fefd9bf000 	C:\Windows\system32\msvcrt.dll
0x000007fefd9c0000 - 0x000007fefd9df000 	C:\Windows\SYSTEM32\sechost.dll
0x000007fefdd30000 - 0x000007fefde5d000 	C:\Windows\system32\RPCRT4.dll
0x0000000076dd0000 - 0x0000000076eca000 	C:\Windows\system32\USER32.dll
0x000007fefe180000 - 0x000007fefe1e7000 	C:\Windows\system32\GDI32.dll
0x000007fefd0c0000 - 0x000007fefd0ce000 	C:\Windows\system32\LPK.dll
0x000007fefda80000 - 0x000007fefdb4a000 	C:\Windows\system32\USP10.dll
0x000007fefbca0000 - 0x000007fefbe94000 	C:\Windows\WinSxS\amd64_microsoft.windows.common-controls_6595b64144ccf1df_6.0.7601.18837_none_fa3b1e3d17594757\COMCTL32.dll
0x000007fefd7a0000 - 0x000007fefd811000 	C:\Windows\system32\SHLWAPI.dll
0x000007fefd080000 - 0x000007fefd0ae000 	C:\Windows\system32\IMM32.DLL
0x000007fefde60000 - 0x000007fefdf69000 	C:\Windows\system32\MSCTF.dll
0x0000000073610000 - 0x00000000736e2000 	C:\PROGRA~1\Java\JDK18~1.0_2\jre\bin\msvcr100.dll
0x000000005f7a0000 - 0x000000005fffa000 	C:\PROGRA~1\Java\JDK18~1.0_2\jre\bin\server\jvm.dll
0x000007feef460000 - 0x000007feef469000 	C:\Windows\system32\WSOCK32.dll
0x000007fefd030000 - 0x000007fefd07d000 	C:\Windows\system32\WS2_32.dll
0x000007fefd0b0000 - 0x000007fefd0b8000 	C:\Windows\system32\NSI.dll
0x000007fef8f00000 - 0x000007fef8f3b000 	C:\Windows\system32\WINMM.dll
0x0000000077090000 - 0x0000000077097000 	C:\Windows\system32\PSAPI.DLL
0x0000000074830000 - 0x000000007483f000 	C:\PROGRA~1\Java\JDK18~1.0_2\jre\bin\verify.dll
0x0000000074800000 - 0x0000000074828000 	C:\PROGRA~1\Java\JDK18~1.0_2\jre\bin\java.dll
0x00000000747e0000 - 0x00000000747f6000 	C:\PROGRA~1\Java\JDK18~1.0_2\jre\bin\zip.dll
0x000007fefe2d0000 - 0x000007feff059000 	C:\Windows\system32\SHELL32.dll
0x000007fefdf70000 - 0x000007fefe173000 	C:\Windows\system32\ole32.dll
0x000007fefcc70000 - 0x000007fefcc7f000 	C:\Windows\system32\profapi.dll
0x000007feef470000 - 0x000007feef595000 	C:\Windows\system32\dbghelp.dll

VM Arguments:
jvm_args: -Xmx1024M -Xss1m -Djava.ext.dirs=C:\Users\User\AppData\Local\Android\sdk\build-tools\21.1.2\lib 
java_command: C:\Users\User\AppData\Local\Android\sdk\build-tools\21.1.2\lib\dx.jar --dex --output C:\Users\User\Downloads\Mood-o-meter\app\build\intermediates\pre-dexed\debug\microsoft-band-1.3.20105.2-382b208f79bcbcb215d0bca87c410373dab85d7f.jar C:\Users\User\Downloads\Mood-o-meter\app\libs\microsoft-band-1.3.20105.2.jar
java_class_path (initial): C:\Users\User\AppData\Local\Android\sdk\build-tools\21.1.2\lib\dx.jar
Launcher Type: SUN_STANDARD

Environment Variables:
JAVA_HOME=C:\Program Files\Java\jdk1.8.0_25
PATH=C:\ProgramData\Oracle\Java\javapath;C:\Python27;C:\Program Files (x86)\Common Files\lenovo\easyplussdk\bin;C:\Program Files\MATLAB\R2015a\bin;C:\Program Files\MiKTeX 2.9\miktex\bin\x64\;C:\Program Files\MATLAB\MATLAB Compiler Runtime\v84\runtime\win64;C:\Program Files\nodejs\;C:\Program Files (x86)\Skype\Phone\;C:\Program Files\Java\jdk1.8.0_25\bin;C:\Program Files\Java\jre1.8.0_25\bin;C:\Python27;C:\Python27\Lib\site-packages\;C:\Python27\Scripts\;C:\Users\User\Downloads\jmol-14.2.12_2015.01.22;C:\Windows\System32;C:\Program Files (x86)\Nmap;C:\Users\user\AppData\Roaming\npm;C:\Program Files (x86)\Git\bin;C:\Program Files (x86)\Git\cmd;C:\Program Files (x86)\Google\google_appengine\;C:\Users\User\AppData\Local\atom\bin
USERNAME=User
OS=Windows_NT
PROCESSOR_IDENTIFIER=Intel64 Family 6 Model 58 Stepping 9, GenuineIntel



---------------  S Y S T E M  ---------------

OS: Windows 7 , 64 bit Build 7601 Service Pack 1

CPU:total 4 (2 cores per cpu, 2 threads per core) family 6 model 58 stepping 9, cmov, cx8, fxsr, mmx, sse, sse2, sse3, ssse3, sse4.1, sse4.2, popcnt, avx, aes, clmul, erms, ht, tsc, tscinvbit, tscinv

Memory: 4k page, physical 3865944k(90328k free), swap 8536412k(774492k free)

vm_info: Java HotSpot(TM) 64-Bit Server VM (25.25-b02) for windows-amd64 JRE (1.8.0_25-b18), built on Oct  7 2014 14:25:37 by "java_re" with MS VC++ 10.0 (VS2010)

time: Sat Feb 06 21:03:38 2016
elapsed time: 21 seconds (0d 0h 0m 21s)

