#
# There is insufficient memory for the Java Runtime Environment to continue.
# Native memory allocation (malloc) failed to allocate 851456 bytes for Chunk::new
# Possible reasons:
#   The system is out of physical RAM or swap space
#   In 32 bit mode, the process size limit was hit
# Possible solutions:
#   Reduce memory load on the system
#   Increase physical memory or swap space
#   Check if swap backing store is full
#   Use 64 bit Java on a 64 bit OS
#   Decrease Java heap size (-Xmx/-Xms)
#   Decrease number of Java threads
#   Decrease Java thread stack sizes (-Xss)
#   Set larger code cache with -XX:ReservedCodeCacheSize=
# This output file may be truncated or incomplete.
#
#  Out of Memory Error (allocation.cpp:390), pid=21100, tid=21300
#
# JRE version: Java(TM) SE Runtime Environment (8.0_25-b18) (build 1.8.0_25-b18)
# Java VM: Java HotSpot(TM) 64-Bit Server VM (25.25-b02 mixed mode windows-amd64 compressed oops)
# Failed to write core dump. Minidumps are not enabled by default on client versions of Windows
#

---------------  T H R E A D  ---------------

Current thread (0x00000000563b7800):  JavaThread "C2 CompilerThread1" daemon [_thread_in_native, id=21300, stack(0x0000000056ec0000,0x0000000056fc0000)]

Stack: [0x0000000056ec0000,0x0000000056fc0000]
Native frames: (J=compiled Java code, j=interpreted, Vv=VM code, C=native code)
V  [jvm.dll+0x31667a]
V  [jvm.dll+0x267073]
V  [jvm.dll+0x267cb3]
V  [jvm.dll+0x25f5b5]
V  [jvm.dll+0xbf165]
V  [jvm.dll+0xbf60c]
V  [jvm.dll+0x45d672]
V  [jvm.dll+0x49e8ef]
V  [jvm.dll+0x452b41]
V  [jvm.dll+0x453864]
V  [jvm.dll+0x437372]
V  [jvm.dll+0x98a02]
V  [jvm.dll+0x991f3]
V  [jvm.dll+0x22bde4]
V  [jvm.dll+0x2852fa]
C  [msvcr100.dll+0x21d9f]
C  [msvcr100.dll+0x21e3b]
C  [kernel32.dll+0x159ed]
C  [ntdll.dll+0x2b831]


Current CompileTask:
C2:  20031 1911       4       com.android.dx.ssa.SsaMethod::convertRopToSsaBlocks (103 bytes)


---------------  P R O C E S S  ---------------

Java Threads: ( => current thread )
  0x0000000054f4f800 JavaThread "Service Thread" daemon [_thread_blocked, id=21336, stack(0x00000000569a0000,0x0000000056aa0000)]
  0x0000000054f45000 JavaThread "C1 CompilerThread2" daemon [_thread_blocked, id=21308, stack(0x00000000570a0000,0x00000000571a0000)]
=>0x00000000563b7800 JavaThread "C2 CompilerThread1" daemon [_thread_in_native, id=21300, stack(0x0000000056ec0000,0x0000000056fc0000)]
  0x00000000563b4800 JavaThread "C2 CompilerThread0" daemon [_thread_in_native, id=21296, stack(0x0000000056ce0000,0x0000000056de0000)]
  0x0000000054f43800 JavaThread "Attach Listener" daemon [_thread_blocked, id=21284, stack(0x0000000056b50000,0x0000000056c50000)]
  0x0000000054f42000 JavaThread "Signal Dispatcher" daemon [_thread_blocked, id=21280, stack(0x0000000056890000,0x0000000056990000)]
  0x0000000054edf000 JavaThread "Finalizer" daemon [_thread_blocked, id=21232, stack(0x00000000562b0000,0x00000000563b0000)]
  0x0000000054edb800 JavaThread "Reference Handler" daemon [_thread_blocked, id=21228, stack(0x0000000056160000,0x0000000056260000)]
  0x000000000216f000 JavaThread "main" [_thread_in_native, id=21136, stack(0x00000000022b0000,0x00000000023b0000)]

Other Threads:
  0x0000000054ed6000 VMThread [stack: 0x0000000055fc0000,0x00000000560c0000] [id=21220]
  0x0000000056408800 WatcherThread [stack: 0x0000000057280000,0x0000000057380000] [id=21344]

VM state:not at safepoint (normal execution)

VM Mutex/Monitor currently owned by a thread: None

Heap:
 PSYoungGen      total 73216K, used 50475K [0x00000000eab00000, 0x00000000f3a00000, 0x0000000100000000)
  eden space 60416K, 62% used [0x00000000eab00000,0x00000000ecfcfde0,0x00000000ee600000)
  from space 12800K, 99% used [0x00000000f2d80000,0x00000000f39fae38,0x00000000f3a00000)
  to   space 8192K, 0% used [0x00000000ee600000,0x00000000ee600000,0x00000000eee00000)
 ParOldGen       total 40960K, used 24827K [0x00000000c0000000, 0x00000000c2800000, 0x00000000eab00000)
  object space 40960K, 60% used [0x00000000c0000000,0x00000000c183eca0,0x00000000c2800000)
 Metaspace       used 6717K, capacity 7608K, committed 7936K, reserved 1056768K
  class space    used 627K, capacity 688K, committed 768K, reserved 1048576K

Card table byte_map: [0x0000000011a40000,0x0000000011c50000] byte_map_base: 0x0000000011440000

Marking Bits: (ParMarkBitMap*) 0x000000005ff7d490
 Begin Bits: [0x0000000012350000, 0x0000000013350000)
 End Bits:   [0x0000000013350000, 0x0000000014350000)

Polling page: 0x0000000000230000

CodeCache: size=245760Kb used=10695Kb max_used=10695Kb free=235064Kb
 bounds [0x0000000002680000, 0x0000000003100000, 0x0000000011680000]
 total_blobs=2666 nmethods=2396 adapters=183
 compilation: enabled

Compilation events (10 events):
Event: 15.934 Thread 0x0000000054f45000 nmethod 1949 0x0000000002f697d0 code [0x0000000002f69960, 0x0000000002f69c98]
Event: 15.936 Thread 0x0000000054f45000 1950       3       com.android.dx.cf.direct.ClassPathOpener$1::accept (2 bytes)
Event: 15.936 Thread 0x0000000054f45000 nmethod 1950 0x0000000002f77390 code [0x0000000002f774e0, 0x0000000002f77630]
Event: 15.937 Thread 0x0000000054f45000 1951  s    3       java.io.ByteArrayOutputStream::reset (6 bytes)
Event: 15.937 Thread 0x0000000054f45000 nmethod 1951 0x0000000002f76ed0 code [0x0000000002f77020, 0x0000000002f772d0]
Event: 15.937 Thread 0x0000000054f45000 1952  s    3       java.io.ByteArrayOutputStream::toByteArray (12 bytes)
Event: 15.938 Thread 0x0000000054f45000 nmethod 1952 0x0000000002f76690 code [0x0000000002f76820, 0x0000000002f76d28]
Event: 15.944 Thread 0x0000000054f45000 1953   !   3       com.android.dx.command.dexer.Main::processClass (334 bytes)
Event: 15.947 Thread 0x0000000054f45000 nmethod 1953 0x0000000002f7c910 code [0x0000000002f7cd60, 0x0000000002f7f558]
Event: 15.947 Thread 0x0000000054f45000 1954       3       com.android.dx.cf.direct.DirectClassFile::parse0 (901 bytes)

GC Heap History (10 events):
Event: 7.770 GC heap before
{Heap before GC invocations=4 (full 0):
 PSYoungGen      total 17920K, used 17909K [0x00000000eab00000, 0x00000000ece00000, 0x0000000100000000)
  eden space 15360K, 100% used [0x00000000eab00000,0x00000000eba00000,0x00000000eba00000)
  from space 2560K, 99% used [0x00000000eba00000,0x00000000ebc7d490,0x00000000ebc80000)
  to   space 2560K, 0% used [0x00000000ecb80000,0x00000000ecb80000,0x00000000ece00000)
 ParOldGen       total 40960K, used 5619K [0x00000000c0000000, 0x00000000c2800000, 0x00000000eab00000)
  object space 40960K, 13% used [0x00000000c0000000,0x00000000c057cec0,0x00000000c2800000)
 Metaspace       used 5810K, capacity 7088K, committed 7296K, reserved 1056768K
  class space    used 565K, capacity 616K, committed 640K, reserved 1048576K
Event: 7.881 GC heap after
Heap after GC invocations=4 (full 0):
 PSYoungGen      total 33280K, used 2549K [0x00000000eab00000, 0x00000000ece00000, 0x0000000100000000)
  eden space 30720K, 0% used [0x00000000eab00000,0x00000000eab00000,0x00000000ec900000)
  from space 2560K, 99% used [0x00000000ecb80000,0x00000000ecdfd490,0x00000000ece00000)
  to   space 2560K, 0% used [0x00000000ec900000,0x00000000ec900000,0x00000000ecb80000)
 ParOldGen       total 40960K, used 7755K [0x00000000c0000000, 0x00000000c2800000, 0x00000000eab00000)
  object space 40960K, 18% used [0x00000000c0000000,0x00000000c0792dd0,0x00000000c2800000)
 Metaspace       used 5810K, capacity 7088K, committed 7296K, reserved 1056768K
  class space    used 565K, capacity 616K, committed 640K, reserved 1048576K
}
Event: 9.686 GC heap before
{Heap before GC invocations=5 (full 0):
 PSYoungGen      total 33280K, used 33269K [0x00000000eab00000, 0x00000000ece00000, 0x0000000100000000)
  eden space 30720K, 100% used [0x00000000eab00000,0x00000000ec900000,0x00000000ec900000)
  from space 2560K, 99% used [0x00000000ecb80000,0x00000000ecdfd490,0x00000000ece00000)
  to   space 2560K, 0% used [0x00000000ec900000,0x00000000ec900000,0x00000000ecb80000)
 ParOldGen       total 40960K, used 7755K [0x00000000c0000000, 0x00000000c2800000, 0x00000000eab00000)
  object space 40960K, 18% used [0x00000000c0000000,0x00000000c0792dd0,0x00000000c2800000)
 Metaspace       used 5845K, capacity 7088K, committed 7296K, reserved 1056768K
  class space    used 565K, capacity 616K, committed 640K, reserved 1048576K
Event: 9.728 GC heap after
Heap after GC invocations=5 (full 0):
 PSYoungGen      total 33280K, used 2553K [0x00000000eab00000, 0x00000000ef500000, 0x0000000100000000)
  eden space 30720K, 0% used [0x00000000eab00000,0x00000000eab00000,0x00000000ec900000)
  from space 2560K, 99% used [0x00000000ec900000,0x00000000ecb7e4a0,0x00000000ecb80000)
  to   space 7168K, 0% used [0x00000000eee00000,0x00000000eee00000,0x00000000ef500000)
 ParOldGen       total 40960K, used 12569K [0x00000000c0000000, 0x00000000c2800000, 0x00000000eab00000)
  object space 40960K, 30% used [0x00000000c0000000,0x00000000c0c464e0,0x00000000c2800000)
 Metaspace       used 5845K, capacity 7088K, committed 7296K, reserved 1056768K
  class space    used 565K, capacity 616K, committed 640K, reserved 1048576K
}
Event: 10.709 GC heap before
{Heap before GC invocations=6 (full 0):
 PSYoungGen      total 33280K, used 33273K [0x00000000eab00000, 0x00000000ef500000, 0x0000000100000000)
  eden space 30720K, 100% used [0x00000000eab00000,0x00000000ec900000,0x00000000ec900000)
  from space 2560K, 99% used [0x00000000ec900000,0x00000000ecb7e4a0,0x00000000ecb80000)
  to   space 7168K, 0% used [0x00000000eee00000,0x00000000eee00000,0x00000000ef500000)
 ParOldGen       total 40960K, used 12569K [0x00000000c0000000, 0x00000000c2800000, 0x00000000eab00000)
  object space 40960K, 30% used [0x00000000c0000000,0x00000000c0c464e0,0x00000000c2800000)
 Metaspace       used 5867K, capacity 7088K, committed 7296K, reserved 1056768K
  class space    used 566K, capacity 616K, committed 640K, reserved 1048576K
Event: 10.745 GC heap after
Heap after GC invocations=6 (full 0):
 PSYoungGen      total 67584K, used 7145K [0x00000000eab00000, 0x00000000ef700000, 0x0000000100000000)
  eden space 60416K, 0% used [0x00000000eab00000,0x00000000eab00000,0x00000000ee600000)
  from space 7168K, 99% used [0x00000000eee00000,0x00000000ef4fa788,0x00000000ef500000)
  to   space 8192K, 0% used [0x00000000ee600000,0x00000000ee600000,0x00000000eee00000)
 ParOldGen       total 40960K, used 12988K [0x00000000c0000000, 0x00000000c2800000, 0x00000000eab00000)
  object space 40960K, 31% used [0x00000000c0000000,0x00000000c0caf1a8,0x00000000c2800000)
 Metaspace       used 5867K, capacity 7088K, committed 7296K, reserved 1056768K
  class space    used 566K, capacity 616K, committed 640K, reserved 1048576K
}
Event: 12.488 GC heap before
{Heap before GC invocations=7 (full 0):
 PSYoungGen      total 67584K, used 67561K [0x00000000eab00000, 0x00000000ef700000, 0x0000000100000000)
  eden space 60416K, 100% used [0x00000000eab00000,0x00000000ee600000,0x00000000ee600000)
  from space 7168K, 99% used [0x00000000eee00000,0x00000000ef4fa788,0x00000000ef500000)
  to   space 8192K, 0% used [0x00000000ee600000,0x00000000ee600000,0x00000000eee00000)
 ParOldGen       total 40960K, used 12988K [0x00000000c0000000, 0x00000000c2800000, 0x00000000eab00000)
  object space 40960K, 31% used [0x00000000c0000000,0x00000000c0caf1a8,0x00000000c2800000)
 Metaspace       used 5877K, capacity 7088K, committed 7296K, reserved 1056768K
  class space    used 566K, capacity 616K, committed 640K, reserved 1048576K
Event: 13.130 GC heap after
Heap after GC invocations=7 (full 0):
 PSYoungGen      total 68608K, used 8171K [0x00000000eab00000, 0x00000000f3a00000, 0x0000000100000000)
  eden space 60416K, 0% used [0x00000000eab00000,0x00000000eab00000,0x00000000ee600000)
  from space 8192K, 99% used [0x00000000ee600000,0x00000000eedfacc0,0x00000000eee00000)
  to   space 12800K, 0% used [0x00000000f2d80000,0x00000000f2d80000,0x00000000f3a00000)
 ParOldGen       total 40960K, used 20287K [0x00000000c0000000, 0x00000000c2800000, 0x00000000eab00000)
  object space 40960K, 49% used [0x00000000c0000000,0x00000000c13cfd98,0x00000000c2800000)
 Metaspace       used 5877K, capacity 7088K, committed 7296K, reserved 1056768K
  class space    used 566K, capacity 616K, committed 640K, reserved 1048576K
}
Event: 13.773 GC heap before
{Heap before GC invocations=8 (full 0):
 PSYoungGen      total 68608K, used 68587K [0x00000000eab00000, 0x00000000f3a00000, 0x0000000100000000)
  eden space 60416K, 100% used [0x00000000eab00000,0x00000000ee600000,0x00000000ee600000)
  from space 8192K, 99% used [0x00000000ee600000,0x00000000eedfacc0,0x00000000eee00000)
  to   space 12800K, 0% used [0x00000000f2d80000,0x00000000f2d80000,0x00000000f3a00000)
 ParOldGen       total 40960K, used 20287K [0x00000000c0000000, 0x00000000c2800000, 0x00000000eab00000)
  object space 40960K, 49% used [0x00000000c0000000,0x00000000c13cfd98,0x00000000c2800000)
 Metaspace       used 5889K, capacity 7152K, committed 7296K, reserved 1056768K
  class space    used 566K, capacity 616K, committed 640K, reserved 1048576K
Event: 14.815 GC heap after
Heap after GC invocations=8 (full 0):
 PSYoungGen      total 73216K, used 12779K [0x00000000eab00000, 0x00000000f3a00000, 0x0000000100000000)
  eden space 60416K, 0% used [0x00000000eab00000,0x00000000eab00000,0x00000000ee600000)
  from space 12800K, 99% used [0x00000000f2d80000,0x00000000f39fae38,0x00000000f3a00000)
  to   space 8192K, 0% used [0x00000000ee600000,0x00000000ee600000,0x00000000eee00000)
 ParOldGen       total 40960K, used 24827K [0x00000000c0000000, 0x00000000c2800000, 0x00000000eab00000)
  object space 40960K, 60% used [0x00000000c0000000,0x00000000c183eca0,0x00000000c2800000)
 Metaspace       used 5889K, capacity 7152K, committed 7296K, reserved 1056768K
  class space    used 566K, capacity 616K, committed 640K, reserved 1048576K
}

Deoptimization events (10 events):
Event: 11.936 Thread 0x000000000216f000 Uncommon trap: reason=class_check action=maybe_recompile pc=0x0000000002d4a0c4 method=com.android.dx.cf.code.RopperMachine.run(Lcom/android/dx/cf/code/Frame;II)V @ 310
Event: 12.428 Thread 0x000000000216f000 Uncommon trap: reason=unloaded action=reinterpret pc=0x0000000002d2cd84 method=com.android.dx.cf.cst.ConstantPoolParser.parse0(ILjava/util/BitSet;)Lcom/android/dx/rop/cst/Constant; @ 220
Event: 12.475 Thread 0x000000000216f000 Uncommon trap: reason=bimorphic action=maybe_recompile pc=0x0000000002d16cd8 method=com.android.dx.rop.code.RegisterSpec.withSimpleType()Lcom/android/dx/rop/code/RegisterSpec; @ 21
Event: 12.477 Thread 0x000000000216f000 Uncommon trap: reason=bimorphic action=maybe_recompile pc=0x0000000002d16cd8 method=com.android.dx.rop.code.RegisterSpec.withSimpleType()Lcom/android/dx/rop/code/RegisterSpec; @ 21
Event: 12.480 Thread 0x000000000216f000 Uncommon trap: reason=bimorphic action=maybe_recompile pc=0x0000000002d16cd8 method=com.android.dx.rop.code.RegisterSpec.withSimpleType()Lcom/android/dx/rop/code/RegisterSpec; @ 21
Event: 12.482 Thread 0x000000000216f000 Uncommon trap: reason=bimorphic action=maybe_recompile pc=0x0000000002d16cd8 method=com.android.dx.rop.code.RegisterSpec.withSimpleType()Lcom/android/dx/rop/code/RegisterSpec; @ 21
Event: 13.667 Thread 0x000000000216f000 Uncommon trap: reason=class_check action=maybe_recompile pc=0x0000000002e2ec80 method=com.android.dx.ssa.back.FirstFitLocalCombiningAllocator.findNextUnreservedRopReg(IILcom/android/dx/ssa/back/FirstFitLocalCombiningAllocator$Alignment;)I @ 60
Event: 13.667 Thread 0x000000000216f000 Uncommon trap: reason=class_check action=maybe_recompile pc=0x0000000002e2ec80 method=com.android.dx.ssa.back.FirstFitLocalCombiningAllocator.findNextUnreservedRopReg(IILcom/android/dx/ssa/back/FirstFitLocalCombiningAllocator$Alignment;)I @ 60
Event: 15.900 Thread 0x000000000216f000 Uncommon trap: reason=bimorphic action=maybe_recompile pc=0x0000000002eebe98 method=com.android.dx.cf.code.BytecodeArray.parseInstruction(ILcom/android/dx/cf/code/BytecodeArray$Visitor;)I @ 1597
Event: 15.900 Thread 0x000000000216f000 Uncommon trap: reason=bimorphic action=maybe_recompile pc=0x0000000002eebe98 method=com.android.dx.cf.code.BytecodeArray.parseInstruction(ILcom/android/dx/cf/code/BytecodeArray$Visitor;)I @ 1597

Internal exceptions (7 events):
Event: 0.070 Thread 0x000000000216f000 Exception <a 'java/lang/NoSuchMethodError': Method sun.misc.Unsafe.defineClass(Ljava/lang/String;[BII)Ljava/lang/Class; name or signature does not match> (0x00000000eab0c7e8) thrown at [D:\re\workspace\8-2-build-windows-amd64-cygwin\jdk8u25\1677\hotspot\sruﬁx25≤?
Event: 0.071 Thread 0x000000000216f000 Exception <a 'java/lang/NoSuchMethodError': Method sun.misc.Unsafe.prefetchRead(Ljava/lang/Object;J)V name or signature does not match> (0x00000000eab0ca78) thrown at [D:\re\workspace\8-2-build-windows-amd64-cygwin\jdk8u25\1677\hotspot\src\share\vm\prims\j≥ö*‡ÎP@
Event: 5.579 Thread 0x000000000216f000 Implicit null exception at 0x00000000029ddc85 to 0x00000000029dffe5
Event: 6.644 Thread 0x000000000216f000 Exception <a 'java/lang/ArrayIndexOutOfBoundsException': 18> (0x00000000eb29ba50) thrown at [D:\re\workspace\8-2-build-windows-amd64-cygwin\jdk8u25\1677\hotspot\src\share\vm\interpreter\interpreterRuntime.cpp, line 366]
Event: 6.645 Thread 0x000000000216f000 Exception <a 'java/lang/ArrayIndexOutOfBoundsException'> (0x00000000eb29d4e8) thrown at [D:\re\workspace\8-2-build-windows-amd64-cygwin\jdk8u25\1677\hotspot\src\share\vm\runtime\sharedRuntime.cpp, line 604]
Event: 6.776 Thread 0x000000000216f000 Exception <a 'java/lang/ArrayIndexOutOfBoundsException'> (0x00000000eb29e700) thrown at [D:\re\workspace\8-2-build-windows-amd64-cygwin\jdk8u25\1677\hotspot\src\share\vm\runtime\sharedRuntime.cpp, line 604]
Event: 7.026 Thread 0x000000000216f000 Implicit null exception at 0x00000000029b6bd1 to 0x00000000029b9389

Events (10 events):
Event: 13.773 Executing VM operation: ParallelGCFailedAllocation
Event: 14.815 Executing VM operation: ParallelGCFailedAllocation done
Event: 15.900 Thread 0x000000000216f000 Uncommon trap: trap_request=0xffffffc6 fr.pc=0x0000000002eebe98
Event: 15.900 Thread 0x000000000216f000 DEOPT PACKING pc=0x0000000002eebe98 sp=0x00000000023ae530
Event: 15.900 Thread 0x000000000216f000 DEOPT UNPACKING pc=0x00000000026c556a sp=0x00000000023ae4e0 mode 2
Event: 15.900 Thread 0x000000000216f000 Uncommon trap: trap_request=0xffffffc6 fr.pc=0x0000000002eebe98
Event: 15.900 Thread 0x000000000216f000 DEOPT PACKING pc=0x0000000002eebe98 sp=0x00000000023ae5d0
Event: 15.900 Thread 0x000000000216f000 DEOPT UNPACKING pc=0x00000000026c556a sp=0x00000000023ae580 mode 2
Event: 15.903 loading class com/android/dx/cf/iface/ParseObserver
Event: 15.903 loading class com/android/dx/cf/iface/ParseObserver done


Dynamic libraries:
0x000000013fc70000 - 0x000000013fca4000 	C:\PROGRA~1\Java\JDK18~1.0_2\bin\java.exe
0x0000000076ed0000 - 0x0000000077079000 	C:\Windows\SYSTEM32\ntdll.dll
0x0000000076cb0000 - 0x0000000076dcf000 	C:\Windows\system32\kernel32.dll
0x000007fefcd20000 - 0x000007fefcd8c000 	C:\Windows\system32\KERNELBASE.dll
0x000007fefd820000 - 0x000007fefd8fb000 	C:\Windows\system32\ADVAPI32.dll
0x000007fefd920000 - 0x000007fefd9bf000 	C:\Windows\system32\msvcrt.dll
0x000007fefd9c0000 - 0x000007fefd9df000 	C:\Windows\SYSTEM32\sechost.dll
0x000007fefdd30000 - 0x000007fefde5d000 	C:\Windows\system32\RPCRT4.dll
0x0000000076dd0000 - 0x0000000076eca000 	C:\Windows\system32\USER32.dll
0x000007fefe180000 - 0x000007fefe1e7000 	C:\Windows\system32\GDI32.dll
0x000007fefd0c0000 - 0x000007fefd0ce000 	C:\Windows\system32\LPK.dll
0x000007fefda80000 - 0x000007fefdb4a000 	C:\Windows\system32\USP10.dll
0x000007fefbca0000 - 0x000007fefbe94000 	C:\Windows\WinSxS\amd64_microsoft.windows.common-controls_6595b64144ccf1df_6.0.7601.18837_none_fa3b1e3d17594757\COMCTL32.dll
0x000007fefd7a0000 - 0x000007fefd811000 	C:\Windows\system32\SHLWAPI.dll
0x000007fefd080000 - 0x000007fefd0ae000 	C:\Windows\system32\IMM32.DLL
0x000007fefde60000 - 0x000007fefdf69000 	C:\Windows\system32\MSCTF.dll
0x0000000073610000 - 0x00000000736e2000 	C:\PROGRA~1\Java\JDK18~1.0_2\jre\bin\msvcr100.dll
0x000000005f7a0000 - 0x000000005fffa000 	C:\PROGRA~1\Java\JDK18~1.0_2\jre\bin\server\jvm.dll
0x000007feef460000 - 0x000007feef469000 	C:\Windows\system32\WSOCK32.dll
0x000007fefd030000 - 0x000007fefd07d000 	C:\Windows\system32\WS2_32.dll
0x000007fefd0b0000 - 0x000007fefd0b8000 	C:\Windows\system32\NSI.dll
0x000007fef8f00000 - 0x000007fef8f3b000 	C:\Windows\system32\WINMM.dll
0x0000000077090000 - 0x0000000077097000 	C:\Windows\system32\PSAPI.DLL
0x0000000074830000 - 0x000000007483f000 	C:\PROGRA~1\Java\JDK18~1.0_2\jre\bin\verify.dll
0x0000000074800000 - 0x0000000074828000 	C:\PROGRA~1\Java\JDK18~1.0_2\jre\bin\java.dll
0x00000000747e0000 - 0x00000000747f6000 	C:\PROGRA~1\Java\JDK18~1.0_2\jre\bin\zip.dll
0x000007fefe2d0000 - 0x000007feff059000 	C:\Windows\system32\SHELL32.dll
0x000007fefdf70000 - 0x000007fefe173000 	C:\Windows\system32\ole32.dll
0x000007fefcc70000 - 0x000007fefcc7f000 	C:\Windows\system32\profapi.dll
0x000007feef470000 - 0x000007feef595000 	C:\Windows\system32\dbghelp.dll

VM Arguments:
jvm_args: -Xmx1024M -Xss1m -Djava.ext.dirs=C:\Users\User\AppData\Local\Android\sdk\build-tools\21.1.2\lib 
java_command: C:\Users\User\AppData\Local\Android\sdk\build-tools\21.1.2\lib\dx.jar --dex --output C:\Users\User\Downloads\Mood-o-meter\app\build\intermediates\pre-dexed\debug\classes-a9168c75d2a71ad0b0ebe40c04244a2ac03e5aa7.jar C:\Users\User\Downloads\Mood-o-meter\app\build\intermediates\exploded-aar\com.android.support\appcompat-v7\21.0.3\classes.jar
java_class_path (initial): C:\Users\User\AppData\Local\Android\sdk\build-tools\21.1.2\lib\dx.jar
Launcher Type: SUN_STANDARD

Environment Variables:
JAVA_HOME=C:\Program Files\Java\jdk1.8.0_25
PATH=C:\ProgramData\Oracle\Java\javapath;C:\Python27;C:\Program Files (x86)\Common Files\lenovo\easyplussdk\bin;C:\Program Files\MATLAB\R2015a\bin;C:\Program Files\MiKTeX 2.9\miktex\bin\x64\;C:\Program Files\MATLAB\MATLAB Compiler Runtime\v84\runtime\win64;C:\Program Files\nodejs\;C:\Program Files (x86)\Skype\Phone\;C:\Program Files\Java\jdk1.8.0_25\bin;C:\Program Files\Java\jre1.8.0_25\bin;C:\Python27;C:\Python27\Lib\site-packages\;C:\Python27\Scripts\;C:\Users\User\Downloads\jmol-14.2.12_2015.01.22;C:\Windows\System32;C:\Program Files (x86)\Nmap;C:\Users\user\AppData\Roaming\npm;C:\Program Files (x86)\Git\bin;C:\Program Files (x86)\Git\cmd;C:\Program Files (x86)\Google\google_appengine\;C:\Users\User\AppData\Local\atom\bin
USERNAME=User
OS=Windows_NT
PROCESSOR_IDENTIFIER=Intel64 Family 6 Model 58 Stepping 9, GenuineIntel



---------------  S Y S T E M  ---------------

OS: Windows 7 , 64 bit Build 7601 Service Pack 1

CPU:total 4 (2 cores per cpu, 2 threads per core) family 6 model 58 stepping 9, cmov, cx8, fxsr, mmx, sse, sse2, sse3, ssse3, sse4.1, sse4.2, popcnt, avx, aes, clmul, erms, ht, tsc, tscinvbit, tscinv

Memory: 4k page, physical 3865944k(74128k free), swap 8536412k(815704k free)

vm_info: Java HotSpot(TM) 64-Bit Server VM (25.25-b02) for windows-amd64 JRE (1.8.0_25-b18), built on Oct  7 2014 14:25:37 by "java_re" with MS VC++ 10.0 (VS2010)

time: Sat Feb 06 21:03:37 2016
elapsed time: 20 seconds (0d 0h 0m 20s)

